<?xml version="1.0" encoding="UTF-8"?>
<coverage generated="1554346597107" clover="3.2.0">
  <project timestamp="1554346597107" name="All files">
    <metrics statements="11" coveredstatements="8" conditionals="2" coveredconditionals="1" methods="4" coveredmethods="4" elements="17" coveredelements="13" complexity="0" loc="11" ncloc="11" packages="2" files="4" classes="4"/>
    <package name="src">
      <metrics statements="8" coveredstatements="5" conditionals="2" coveredconditionals="1" methods="2" coveredmethods="2"/>
      <file name="app.jsx" path="/Users/davidlatuno/code/my_projects/react-metal/client/src/app.jsx">
        <metrics statements="7" coveredstatements="5" conditionals="2" coveredconditionals="1" methods="2" coveredmethods="2"/>
        <line num="9" count="1" type="stmt"/>
        <line num="10" count="1" type="stmt"/>
        <line num="11" count="0" type="stmt"/>
        <line num="12" count="0" type="stmt"/>
        <line num="16" count="1" type="stmt"/>
        <line num="21" count="1" type="stmt"/>
        <line num="22" count="1" type="stmt"/>
      </file>
      <file name="index.jsx" path="/Users/davidlatuno/code/my_projects/react-metal/client/src/index.jsx">
        <metrics statements="1" coveredstatements="0" conditionals="0" coveredconditionals="0" methods="0" coveredmethods="0"/>
        <line num="5" count="0" type="stmt"/>
      </file>
    </package>
    <package name="src.components.mainLayout">
      <metrics statements="3" coveredstatements="3" conditionals="0" coveredconditionals="0" methods="2" coveredmethods="2"/>
      <file name="index.js" path="/Users/davidlatuno/code/my_projects/react-metal/client/src/components/mainLayout/index.js">
        <metrics statements="0" coveredstatements="0" conditionals="0" coveredconditionals="0" methods="0" coveredmethods="0"/>
      </file>
      <file name="mainLayout.jsx" path="/Users/davidlatuno/code/my_projects/react-metal/client/src/components/mainLayout/mainLayout.jsx">
        <metrics statements="3" coveredstatements="3" conditionals="0" coveredconditionals="0" methods="2" coveredmethods="2"/>
        <line num="6" count="2" type="stmt"/>
        <line num="18" count="2" type="stmt"/>
        <line num="19" count="1" type="stmt"/>
      </file>
    </package>
  </project>
</coverage>
