{"/Users/davidlatuno/code/my_projects/react-metal/client/src/app.jsx": {"path":"/Users/davidlatuno/code/my_projects/react-metal/client/src/app.jsx","statementMap":{"0":{"start":{"line":9,"column":4},"end":{"line":17,"column":5}},"1":{"start":{"line":10,"column":19},"end":{"line":10,"column":50}},"2":{"start":{"line":11,"column":19},"end":{"line":11,"column":36}},"3":{"start":{"line":12,"column":6},"end":{"line":14,"column":9}},"4":{"start":{"line":16,"column":6},"end":{"line":16,"column":23}},"5":{"start":{"line":21,"column":25},"end":{"line":21,"column":35}},"6":{"start":{"line":22,"column":4},"end":{"line":27,"column":6}}},"fnMap":{"0":{"name":"(anonymous_0)","decl":{"start":{"line":8,"column":2},"end":{"line":8,"column":3}},"loc":{"start":{"line":8,"column":28},"end":{"line":18,"column":3}},"line":8},"1":{"name":"(anonymous_1)","decl":{"start":{"line":20,"column":2},"end":{"line":20,"column":3}},"loc":{"start":{"line":20,"column":11},"end":{"line":28,"column":3}},"line":20}},"branchMap":{"0":{"loc":{"start":{"line":24,"column":9},"end":{"line":24,"column":84}},"type":"cond-expr","locations":[{"start":{"line":24,"column":20},"end":{"line":24,"column":50}},{"start":{"line":24,"column":53},"end":{"line":24,"column":84}}],"line":24}},"s":{"0":1,"1":1,"2":0,"3":0,"4":1,"5":1,"6":1},"f":{"0":1,"1":1},"b":{"0":[0,1]},"_coverageSchema":"43e27e138ebf9cfc5966b082cf9a028302ed4184","hash":"922878962d4d09a4d1d1a6392401d99b6be138fa"}
,"/Users/davidlatuno/code/my_projects/react-metal/client/src/index.jsx": {"path":"/Users/davidlatuno/code/my_projects/react-metal/client/src/index.jsx","statementMap":{"0":{"start":{"line":5,"column":0},"end":{"line":5,"column":57}}},"fnMap":{},"branchMap":{},"s":{"0":0},"f":{},"b":{}}
,"/Users/davidlatuno/code/my_projects/react-metal/client/src/components/mainLayout/index.js": {"path":"/Users/davidlatuno/code/my_projects/react-metal/client/src/components/mainLayout/index.js","statementMap":{},"fnMap":{},"branchMap":{},"s":{},"f":{},"b":{},"_coverageSchema":"43e27e138ebf9cfc5966b082cf9a028302ed4184","hash":"95a6b4fa9e648b52b8fa05233c0861e0911a0a06"}
,"/Users/davidlatuno/code/my_projects/react-metal/client/src/components/mainLayout/mainLayout.jsx": {"path":"/Users/davidlatuno/code/my_projects/react-metal/client/src/components/mainLayout/mainLayout.jsx","statementMap":{"0":{"start":{"line":6,"column":15},"end":{"line":15,"column":2}},"1":{"start":{"line":6,"column":25},"end":{"line":15,"column":1}},"2":{"start":{"line":18,"column":19},"end":{"line":35,"column":1}},"3":{"start":{"line":19,"column":2},"end":{"line":34,"column":8}}},"fnMap":{"0":{"name":"(anonymous_0)","decl":{"start":{"line":6,"column":15},"end":{"line":6,"column":16}},"loc":{"start":{"line":6,"column":25},"end":{"line":15,"column":1}},"line":6},"1":{"name":"(anonymous_1)","decl":{"start":{"line":18,"column":19},"end":{"line":18,"column":20}},"loc":{"start":{"line":19,"column":2},"end":{"line":34,"column":8}},"line":19}},"branchMap":{},"s":{"0":2,"1":1,"2":2,"3":1},"f":{"0":1,"1":1},"b":{},"_coverageSchema":"43e27e138ebf9cfc5966b082cf9a028302ed4184","hash":"a137de081a32e4a954334d3579188cbdb70f9915"}
}
