TN:
SF:/Users/davidlatuno/code/my_projects/react-metal/client/src/app.jsx
FN:8,(anonymous_0)
FN:20,(anonymous_1)
FNF:2
FNH:2
FNDA:1,(anonymous_0)
FNDA:1,(anonymous_1)
DA:9,1
DA:10,1
DA:11,0
DA:12,0
DA:16,1
DA:21,1
DA:22,1
LF:7
LH:5
BRDA:24,0,0,0
BRDA:24,0,1,1
BRF:2
BRH:1
end_of_record
TN:
SF:/Users/davidlatuno/code/my_projects/react-metal/client/src/index.jsx
FNF:0
FNH:0
DA:5,0
LF:1
LH:0
BRF:0
BRH:0
end_of_record
TN:
SF:/Users/davidlatuno/code/my_projects/react-metal/client/src/components/mainLayout/index.js
FNF:0
FNH:0
LF:0
LH:0
BRF:0
BRH:0
end_of_record
TN:
SF:/Users/davidlatuno/code/my_projects/react-metal/client/src/components/mainLayout/mainLayout.jsx
FN:6,(anonymous_0)
FN:18,(anonymous_1)
FNF:2
FNH:2
FNDA:1,(anonymous_0)
FNDA:1,(anonymous_1)
DA:6,2
DA:18,2
DA:19,1
LF:3
LH:3
BRF:0
BRH:0
end_of_record
